NetSanjay_L0_201408151028 7393280
NetSanjay_L1_201408151028 1239040
NetSanjay_L2_201408151028 2918400
Performing level 0 backup of /Users/cherian/Development/AutoBackup/volume1/NetSanjay
./doBackup.sh: line 92: [: AutoBack: integer expression expected
/Users/cherian/Development/AutoBackup/volumeUSB1/usbshare/AutoBackup/UserBackup/NetSanjay/L0/NetSanjay_L0_201408151028.tar newer than 20130815, not purged
./doBackup.sh: line 92: [: AutoBack: integer expression expected
/Users/cherian/Development/AutoBackup/volumeUSB1/usbshare/AutoBackup/UserBackup/NetSanjay/L0/NetSanjay_L0_201408151028.tar-2 newer than 20130815, not purged
./doBackup.sh: line 92: [: AutoBack: integer expression expected
/Users/cherian/Development/AutoBackup/volumeUSB1/usbshare/AutoBackup/UserBackup/NetSanjay/L0/NetSanjay_L0_201408151028.tar-3 newer than 20130815, not purged
./doBackup.sh: line 92: [: AutoBack: integer expression expected
/Users/cherian/Development/AutoBackup/volumeUSB1/usbshare/AutoBackup/UserBackup/NetSanjay/L0/NetSanjay_L0_201408151028.tar-4 newer than 20130815, not purged
level 0 backup
gtar: /Users/cherian/Development/AutoBackup/volume1/NetSanjay: Directory is new
gtar: Removing leading `/' from member names
/Users/cherian/Development/AutoBackup/volume1/NetSanjay/
/Users/cherian/Development/AutoBackup/volume1/NetSanjay/.DS_Store
/Users/cherian/Development/AutoBackup/volume1/NetSanjay/2011_07_07_22_15_07.pdf
Preparing volume 2 of /Users/cherian/Development/AutoBackup/volumeUSB1/usbshare/AutoBackup/UserBackup/NetSanjay/L0/NetSanjay_L0_201408151029.tar.
Preparing volume 3 of /Users/cherian/Development/AutoBackup/volumeUSB1/usbshare/AutoBackup/UserBackup/NetSanjay/L0/NetSanjay_L0_201408151029.tar-2.
Preparing volume 4 of /Users/cherian/Development/AutoBackup/volumeUSB1/usbshare/AutoBackup/UserBackup/NetSanjay/L0/NetSanjay_L0_201408151029.tar-3.
/Users/cherian/Development/AutoBackup/volume1/NetSanjay/BCC_PreparedToServe_20120225.jpg
Preparing volume 5 of /Users/cherian/Development/AutoBackup/volumeUSB1/usbshare/AutoBackup/UserBackup/NetSanjay/L0/NetSanjay_L0_201408151029.tar-4.
/Users/cherian/Development/AutoBackup/volume1/NetSanjay/IMG_0838.JPG
Preparing volume 6 of /Users/cherian/Development/AutoBackup/volumeUSB1/usbshare/AutoBackup/UserBackup/NetSanjay/L0/NetSanjay_L0_201408151029.tar-5.
/Users/cherian/Development/AutoBackup/volume1/NetSanjay/IMG_0839.JPG
Preparing volume 7 of /Users/cherian/Development/AutoBackup/volumeUSB1/usbshare/AutoBackup/UserBackup/NetSanjay/L0/NetSanjay_L0_201408151029.tar-6.
Done
